2018年11月30日 21:00:06  信息 : -------------网关启动完毕-------------------
2018年11月30日 21:00:10  信息 : 已装载共享库/Users/caroceanjofers/studio/lns.github.com/cj.studio.gateway.examples.frontend/cmdtools/gateway/lib/share
2018年11月30日 21:01:12  信息 : -------------网关启动完毕-------------------
2018年11月30日 21:01:16  信息 : 已装载共享库/Users/caroceanjofers/studio/lns.github.com/cj.studio.gateway.examples.frontend/cmdtools/gateway/lib/share
2018年11月30日 21:07:38  信息 : -------------网关启动完毕-------------------
2018年11月30日 21:07:40  信息 : 已装载共享库/Users/caroceanjofers/studio/lns.github.com/cj.studio.gateway.examples.frontend/cmdtools/gateway/lib/share
2018年11月30日 21:16:34  信息 : -------------网关启动完毕-------------------
2018年11月30日 21:16:35  信息 : 已装载共享库/Users/caroceanjofers/studio/lns.github.com/cj.studio.gateway.examples.frontend/cmdtools/gateway/lib/share
2018年11月30日 21:19:37  信息 : -------------网关启动完毕-------------------
2018年11月30日 21:19:40  信息 : 已装载共享库/Users/caroceanjofers/studio/lns.github.com/cj.studio.gateway.examples.frontend/cmdtools/gateway/lib/share
2018年12月17日 18:42:23  信息 : -------------网关启动完毕-------------------
2018年12月17日 18:42:27  错误: cj.studio.gateway.tools.RouterConsole - 不认识的命令：pwd
2018年12月17日 18:42:43  信息 : 已装载共享库/Users/caroceanjofers/studio/lns.github.com/cj.studio.gateway.examples.backend/cmdtools/gateway/lib/share
2018年12月17日 18:43:12  信息 : -------------网关启动完毕-------------------
2018年12月17日 18:43:15  信息 : 已装载共享库/Users/caroceanjofers/studio/lns.github.com/cj.studio.gateway.examples.backend/cmdtools/gateway/lib/share
2018年12月17日 18:43:17  错误: cj.studio.gateway.server.handler.HttpChannelHandler -  异常：java.lang.RuntimeException: java.lang.IllegalArgumentException: Can not set cj.studio.gateway.examples.backend.usercenter.IUser field cj.studio.gateway.examples.backend.usercenter.rest.HomeRF.user to cj.studio.gateway.examples.uc.plugin.service.IUser$$EnhancerByCGLIB$$af9a2bab
		at cj.studio.ecm.container.factory.MultitonServiceInstanceFactory.getService(MultitonServiceInstanceFactory.java:176)
		at cj.studio.ecm.container.factory.ServiceInstanceFactory.getServices(ServiceInstanceFactory.java:742)
		at cj.studio.ecm.container.ServiceContainer.getServices(ServiceContainer.java:131)
		at cj.studio.ecm.context.ModuleSite.getServices(ModuleSite.java:132)
		at cj.studio.ecm.context.ModuleSite$DelegateSite.getServices(ModuleSite.java:654)
		at cj.studio.gateway.socket.app.GatewayAppSiteProgram.getWebviewMappings(GatewayAppSiteProgram.java:107)
		at cj.studio.gateway.socket.app.GatewayAppSiteProgram.getService(GatewayAppSiteProgram.java:40)
		at cj.studio.gateway.socket.app.valve.LastWayInputValve.<init>(LastWayInputValve.java:38)
		at cj.studio.gateway.socket.app.pipeline.builder.AppSocketInputPipelineBuilder.createInputPipeline(AppSocketInputPipelineBuilder.java:67)
		at cj.studio.gateway.socket.app.pipeline.builder.AppSocketInputPipelineBuilder.createPipeline(AppSocketInputPipelineBuilder.java:48)
		at cj.studio.gateway.server.handler.HttpChannelHandler.pipelineHttpBuild(HttpChannelHandler.java:421)
		at cj.studio.gateway.server.handler.HttpChannelHandler.flowHttpRequest(HttpChannelHandler.java:387)
		at cj.studio.gateway.server.handler.HttpChannelHandler.handleHttpRequest(HttpChannelHandler.java:194)
		at cj.studio.gateway.server.handler.HttpChannelHandler.messageReceived(HttpChannelHandler.java:107)
		at io.netty.channel.SimpleChannelInboundHandler.channelRead(SimpleChannelInboundHandler.java:103)
		at io.netty.channel.ChannelHandlerInvokerUtil.invokeChannelReadNow(ChannelHandlerInvokerUtil.java:74)
		at io.netty.channel.DefaultChannelHandlerInvoker.invokeChannelRead(DefaultChannelHandlerInvoker.java:138)
		at io.netty.channel.DefaultChannelHandlerContext.fireChannelRead(DefaultChannelHandlerContext.java:320)
		at io.netty.handler.codec.MessageToMessageDecoder.channelRead(MessageToMessageDecoder.java:103)
		at io.netty.handler.codec.MessageToMessageCodec.channelRead(MessageToMessageCodec.java:111)
		at io.netty.channel.ChannelHandlerInvokerUtil.invokeChannelReadNow(ChannelHandlerInvokerUtil.java:74)
		at io.netty.channel.DefaultChannelHandlerInvoker.invokeChannelRead(DefaultChannelHandlerInvoker.java:138)
		at io.netty.channel.DefaultChannelHandlerContext.fireChannelRead(DefaultChannelHandlerContext.java:320)
		at io.netty.handler.codec.ByteToMessageDecoder.channelRead(ByteToMessageDecoder.java:154)
		at io.netty.channel.ChannelHandlerInvokerUtil.invokeChannelReadNow(ChannelHandlerInvokerUtil.java:74)
		at io.netty.channel.DefaultChannelHandlerInvoker.invokeChannelRead(DefaultChannelHandlerInvoker.java:138)
		at io.netty.channel.DefaultChannelHandlerContext.fireChannelRead(DefaultChannelHandlerContext.java:320)
		at io.netty.channel.DefaultChannelPipeline.fireChannelRead(DefaultChannelPipeline.java:846)
		at io.netty.channel.nio.AbstractNioByteChannel$NioByteUnsafe.read(AbstractNioByteChannel.java:127)
		at io.netty.channel.nio.NioEventLoop.processSelectedKey(NioEventLoop.java:485)
		at io.netty.channel.nio.NioEventLoop.processSelectedKeysOptimized(NioEventLoop.java:452)
		at io.netty.channel.nio.NioEventLoop.run(NioEventLoop.java:346)
		at io.netty.util.concurrent.SingleThreadEventExecutor$5.run(SingleThreadEventExecutor.java:794)
		at java.lang.Thread.run(Thread.java:748)
	Cause by:
		at sun.reflect.UnsafeFieldAccessorImpl.throwSetIllegalArgumentException(UnsafeFieldAccessorImpl.java:167)
		at sun.reflect.UnsafeFieldAccessorImpl.throwSetIllegalArgumentException(UnsafeFieldAccessorImpl.java:171)
		at sun.reflect.UnsafeObjectFieldAccessorImpl.set(UnsafeObjectFieldAccessorImpl.java:81)
		at java.lang.reflect.Field.set(Field.java:764)
		at cj.studio.ecm.container.factory.ServiceInstanceFactory.initialServiceRef(ServiceInstanceFactory.java:433)
		at cj.studio.ecm.container.factory.ServiceInstanceFactory.initialService(ServiceInstanceFactory.java:205)
		at cj.studio.ecm.container.factory.MultitonServiceInstanceFactory.getService(MultitonServiceInstanceFactory.java:172)
		at cj.studio.ecm.container.factory.ServiceInstanceFactory.getServices(ServiceInstanceFactory.java:742)
		at cj.studio.ecm.container.ServiceContainer.getServices(ServiceContainer.java:131)
		at cj.studio.ecm.context.ModuleSite.getServices(ModuleSite.java:132)
		at cj.studio.ecm.context.ModuleSite$DelegateSite.getServices(ModuleSite.java:654)
		at cj.studio.gateway.socket.app.GatewayAppSiteProgram.getWebviewMappings(GatewayAppSiteProgram.java:107)
		at cj.studio.gateway.socket.app.GatewayAppSiteProgram.getService(GatewayAppSiteProgram.java:40)
		at cj.studio.gateway.socket.app.valve.LastWayInputValve.<init>(LastWayInputValve.java:38)
		at cj.studio.gateway.socket.app.pipeline.builder.AppSocketInputPipelineBuilder.createInputPipeline(AppSocketInputPipelineBuilder.java:67)
		at cj.studio.gateway.socket.app.pipeline.builder.AppSocketInputPipelineBuilder.createPipeline(AppSocketInputPipelineBuilder.java:48)
		at cj.studio.gateway.server.handler.HttpChannelHandler.pipelineHttpBuild(HttpChannelHandler.java:421)
		at cj.studio.gateway.server.handler.HttpChannelHandler.flowHttpRequest(HttpChannelHandler.java:387)
		at cj.studio.gateway.server.handler.HttpChannelHandler.handleHttpRequest(HttpChannelHandler.java:194)
		at cj.studio.gateway.server.handler.HttpChannelHandler.messageReceived(HttpChannelHandler.java:107)
		at io.netty.channel.SimpleChannelInboundHandler.channelRead(SimpleChannelInboundHandler.java:103)
		at io.netty.channel.ChannelHandlerInvokerUtil.invokeChannelReadNow(ChannelHandlerInvokerUtil.java:74)
		at io.netty.channel.DefaultChannelHandlerInvoker.invokeChannelRead(DefaultChannelHandlerInvoker.java:138)
		at io.netty.channel.DefaultChannelHandlerContext.fireChannelRead(DefaultChannelHandlerContext.java:320)
		at io.netty.handler.codec.MessageToMessageDecoder.channelRead(MessageToMessageDecoder.java:103)
		at io.netty.handler.codec.MessageToMessageCodec.channelRead(MessageToMessageCodec.java:111)
		at io.netty.channel.ChannelHandlerInvokerUtil.invokeChannelReadNow(ChannelHandlerInvokerUtil.java:74)
		at io.netty.channel.DefaultChannelHandlerInvoker.invokeChannelRead(DefaultChannelHandlerInvoker.java:138)
		at io.netty.channel.DefaultChannelHandlerContext.fireChannelRead(DefaultChannelHandlerContext.java:320)
		at io.netty.handler.codec.ByteToMessageDecoder.channelRead(ByteToMessageDecoder.java:154)
		at io.netty.channel.ChannelHandlerInvokerUtil.invokeChannelReadNow(ChannelHandlerInvokerUtil.java:74)
		at io.netty.channel.DefaultChannelHandlerInvoker.invokeChannelRead(DefaultChannelHandlerInvoker.java:138)
		at io.netty.channel.DefaultChannelHandlerContext.fireChannelRead(DefaultChannelHandlerContext.java:320)
		at io.netty.channel.DefaultChannelPipeline.fireChannelRead(DefaultChannelPipeline.java:846)
		at io.netty.channel.nio.AbstractNioByteChannel$NioByteUnsafe.read(AbstractNioByteChannel.java:127)
		at io.netty.channel.nio.NioEventLoop.processSelectedKey(NioEventLoop.java:485)
		at io.netty.channel.nio.NioEventLoop.processSelectedKeysOptimized(NioEventLoop.java:452)
		at io.netty.channel.nio.NioEventLoop.run(NioEventLoop.java:346)
		at io.netty.util.concurrent.SingleThreadEventExecutor$5.run(SingleThreadEventExecutor.java:794)
		at java.lang.Thread.run(Thread.java:748)
2018年12月17日 18:47:27  信息 : -------------网关启动完毕-------------------
2018年12月17日 18:47:30  信息 : 已装载共享库/Users/caroceanjofers/studio/lns.github.com/cj.studio.gateway.examples.backend/cmdtools/gateway/lib/share
2018年12月17日 18:47:31  错误: cj.studio.gateway.server.handler.HttpChannelHandler -  异常：java.lang.RuntimeException: java.lang.IllegalArgumentException: Can not set cj.studio.gateway.examples.backend.usercenter.IUser field cj.studio.gateway.examples.backend.usercenter.rest.HomeRF.user to cj.studio.gateway.examples.uc.plugin.service.IUser$$EnhancerByCGLIB$$af9a2bab
		at cj.studio.ecm.container.factory.MultitonServiceInstanceFactory.getService(MultitonServiceInstanceFactory.java:176)
		at cj.studio.ecm.container.factory.ServiceInstanceFactory.getServices(ServiceInstanceFactory.java:742)
		at cj.studio.ecm.container.ServiceContainer.getServices(ServiceContainer.java:131)
		at cj.studio.ecm.context.ModuleSite.getServices(ModuleSite.java:132)
		at cj.studio.ecm.context.ModuleSite$DelegateSite.getServices(ModuleSite.java:654)
		at cj.studio.gateway.socket.app.GatewayAppSiteProgram.getWebviewMappings(GatewayAppSiteProgram.java:107)
		at cj.studio.gateway.socket.app.GatewayAppSiteProgram.getService(GatewayAppSiteProgram.java:40)
		at cj.studio.gateway.socket.app.valve.LastWayInputValve.<init>(LastWayInputValve.java:38)
		at cj.studio.gateway.socket.app.pipeline.builder.AppSocketInputPipelineBuilder.createInputPipeline(AppSocketInputPipelineBuilder.java:67)
		at cj.studio.gateway.socket.app.pipeline.builder.AppSocketInputPipelineBuilder.createPipeline(AppSocketInputPipelineBuilder.java:48)
		at cj.studio.gateway.server.handler.HttpChannelHandler.pipelineHttpBuild(HttpChannelHandler.java:421)
		at cj.studio.gateway.server.handler.HttpChannelHandler.flowHttpRequest(HttpChannelHandler.java:387)
		at cj.studio.gateway.server.handler.HttpChannelHandler.handleHttpRequest(HttpChannelHandler.java:194)
		at cj.studio.gateway.server.handler.HttpChannelHandler.messageReceived(HttpChannelHandler.java:107)
		at io.netty.channel.SimpleChannelInboundHandler.channelRead(SimpleChannelInboundHandler.java:103)
		at io.netty.channel.ChannelHandlerInvokerUtil.invokeChannelReadNow(ChannelHandlerInvokerUtil.java:74)
		at io.netty.channel.DefaultChannelHandlerInvoker.invokeChannelRead(DefaultChannelHandlerInvoker.java:138)
		at io.netty.channel.DefaultChannelHandlerContext.fireChannelRead(DefaultChannelHandlerContext.java:320)
		at io.netty.handler.codec.MessageToMessageDecoder.channelRead(MessageToMessageDecoder.java:103)
		at io.netty.handler.codec.MessageToMessageCodec.channelRead(MessageToMessageCodec.java:111)
		at io.netty.channel.ChannelHandlerInvokerUtil.invokeChannelReadNow(ChannelHandlerInvokerUtil.java:74)
		at io.netty.channel.DefaultChannelHandlerInvoker.invokeChannelRead(DefaultChannelHandlerInvoker.java:138)
		at io.netty.channel.DefaultChannelHandlerContext.fireChannelRead(DefaultChannelHandlerContext.java:320)
		at io.netty.handler.codec.ByteToMessageDecoder.channelRead(ByteToMessageDecoder.java:154)
		at io.netty.channel.ChannelHandlerInvokerUtil.invokeChannelReadNow(ChannelHandlerInvokerUtil.java:74)
		at io.netty.channel.DefaultChannelHandlerInvoker.invokeChannelRead(DefaultChannelHandlerInvoker.java:138)
		at io.netty.channel.DefaultChannelHandlerContext.fireChannelRead(DefaultChannelHandlerContext.java:320)
		at io.netty.channel.DefaultChannelPipeline.fireChannelRead(DefaultChannelPipeline.java:846)
		at io.netty.channel.nio.AbstractNioByteChannel$NioByteUnsafe.read(AbstractNioByteChannel.java:127)
		at io.netty.channel.nio.NioEventLoop.processSelectedKey(NioEventLoop.java:485)
		at io.netty.channel.nio.NioEventLoop.processSelectedKeysOptimized(NioEventLoop.java:452)
		at io.netty.channel.nio.NioEventLoop.run(NioEventLoop.java:346)
		at io.netty.util.concurrent.SingleThreadEventExecutor$5.run(SingleThreadEventExecutor.java:794)
		at java.lang.Thread.run(Thread.java:748)
	Cause by:
		at sun.reflect.UnsafeFieldAccessorImpl.throwSetIllegalArgumentException(UnsafeFieldAccessorImpl.java:167)
		at sun.reflect.UnsafeFieldAccessorImpl.throwSetIllegalArgumentException(UnsafeFieldAccessorImpl.java:171)
		at sun.reflect.UnsafeObjectFieldAccessorImpl.set(UnsafeObjectFieldAccessorImpl.java:81)
		at java.lang.reflect.Field.set(Field.java:764)
		at cj.studio.ecm.container.factory.ServiceInstanceFactory.initialServiceRef(ServiceInstanceFactory.java:433)
		at cj.studio.ecm.container.factory.ServiceInstanceFactory.initialService(ServiceInstanceFactory.java:205)
		at cj.studio.ecm.container.factory.MultitonServiceInstanceFactory.getService(MultitonServiceInstanceFactory.java:172)
		at cj.studio.ecm.container.factory.ServiceInstanceFactory.getServices(ServiceInstanceFactory.java:742)
		at cj.studio.ecm.container.ServiceContainer.getServices(ServiceContainer.java:131)
		at cj.studio.ecm.context.ModuleSite.getServices(ModuleSite.java:132)
		at cj.studio.ecm.context.ModuleSite$DelegateSite.getServices(ModuleSite.java:654)
		at cj.studio.gateway.socket.app.GatewayAppSiteProgram.getWebviewMappings(GatewayAppSiteProgram.java:107)
		at cj.studio.gateway.socket.app.GatewayAppSiteProgram.getService(GatewayAppSiteProgram.java:40)
		at cj.studio.gateway.socket.app.valve.LastWayInputValve.<init>(LastWayInputValve.java:38)
		at cj.studio.gateway.socket.app.pipeline.builder.AppSocketInputPipelineBuilder.createInputPipeline(AppSocketInputPipelineBuilder.java:67)
		at cj.studio.gateway.socket.app.pipeline.builder.AppSocketInputPipelineBuilder.createPipeline(AppSocketInputPipelineBuilder.java:48)
		at cj.studio.gateway.server.handler.HttpChannelHandler.pipelineHttpBuild(HttpChannelHandler.java:421)
		at cj.studio.gateway.server.handler.HttpChannelHandler.flowHttpRequest(HttpChannelHandler.java:387)
		at cj.studio.gateway.server.handler.HttpChannelHandler.handleHttpRequest(HttpChannelHandler.java:194)
		at cj.studio.gateway.server.handler.HttpChannelHandler.messageReceived(HttpChannelHandler.java:107)
		at io.netty.channel.SimpleChannelInboundHandler.channelRead(SimpleChannelInboundHandler.java:103)
		at io.netty.channel.ChannelHandlerInvokerUtil.invokeChannelReadNow(ChannelHandlerInvokerUtil.java:74)
		at io.netty.channel.DefaultChannelHandlerInvoker.invokeChannelRead(DefaultChannelHandlerInvoker.java:138)
		at io.netty.channel.DefaultChannelHandlerContext.fireChannelRead(DefaultChannelHandlerContext.java:320)
		at io.netty.handler.codec.MessageToMessageDecoder.channelRead(MessageToMessageDecoder.java:103)
		at io.netty.handler.codec.MessageToMessageCodec.channelRead(MessageToMessageCodec.java:111)
		at io.netty.channel.ChannelHandlerInvokerUtil.invokeChannelReadNow(ChannelHandlerInvokerUtil.java:74)
		at io.netty.channel.DefaultChannelHandlerInvoker.invokeChannelRead(DefaultChannelHandlerInvoker.java:138)
		at io.netty.channel.DefaultChannelHandlerContext.fireChannelRead(DefaultChannelHandlerContext.java:320)
		at io.netty.handler.codec.ByteToMessageDecoder.channelRead(ByteToMessageDecoder.java:154)
		at io.netty.channel.ChannelHandlerInvokerUtil.invokeChannelReadNow(ChannelHandlerInvokerUtil.java:74)
		at io.netty.channel.DefaultChannelHandlerInvoker.invokeChannelRead(DefaultChannelHandlerInvoker.java:138)
		at io.netty.channel.DefaultChannelHandlerContext.fireChannelRead(DefaultChannelHandlerContext.java:320)
		at io.netty.channel.DefaultChannelPipeline.fireChannelRead(DefaultChannelPipeline.java:846)
		at io.netty.channel.nio.AbstractNioByteChannel$NioByteUnsafe.read(AbstractNioByteChannel.java:127)
		at io.netty.channel.nio.NioEventLoop.processSelectedKey(NioEventLoop.java:485)
		at io.netty.channel.nio.NioEventLoop.processSelectedKeysOptimized(NioEventLoop.java:452)
		at io.netty.channel.nio.NioEventLoop.run(NioEventLoop.java:346)
		at io.netty.util.concurrent.SingleThreadEventExecutor$5.run(SingleThreadEventExecutor.java:794)
		at java.lang.Thread.run(Thread.java:748)
2018年12月17日 18:48:12  信息 : -------------网关启动完毕-------------------
2018年12月17日 18:48:16  信息 : 已装载共享库/Users/caroceanjofers/studio/lns.github.com/cj.studio.gateway.examples.backend/cmdtools/gateway/lib/share
2018年12月17日 18:49:00  信息 : -------------网关启动完毕-------------------
2018年12月17日 18:49:03  信息 : 已装载共享库/Users/caroceanjofers/studio/lns.github.com/cj.studio.gateway.examples.backend/cmdtools/gateway/lib/share
2018年12月17日 18:49:58  信息 : -------------网关启动完毕-------------------
2018年12月17日 18:49:59  信息 : 已装载共享库/Users/caroceanjofers/studio/lns.github.com/cj.studio.gateway.examples.backend/cmdtools/gateway/lib/share
2018年12月17日 18:54:12  信息 : -------------网关启动完毕-------------------
2018年12月17日 18:54:13  信息 : 已装载共享库/Users/caroceanjofers/studio/lns.github.com/cj.studio.gateway.examples.backend/cmdtools/gateway/lib/share
2018年12月17日 19:04:59  信息 : -------------网关启动完毕-------------------
2018年12月17日 19:05:01  信息 : 已装载共享库/Users/caroceanjofers/studio/lns.github.com/cj.studio.gateway.examples.backend/cmdtools/gateway/lib/share
2018年12月17日 19:07:40  信息 : -------------网关启动完毕-------------------
2018年12月17日 19:07:43  信息 : 已装载共享库/Users/caroceanjofers/studio/lns.github.com/cj.studio.gateway.examples.backend/cmdtools/gateway/lib/share
2018年12月17日 19:08:11  信息 : -------------网关启动完毕-------------------
2018年12月17日 19:08:13  信息 : 已装载共享库/Users/caroceanjofers/studio/lns.github.com/cj.studio.gateway.examples.backend/cmdtools/gateway/lib/share
2018年12月17日 19:12:06  信息 : -------------网关启动完毕-------------------
2018年12月17日 19:12:09  信息 : 已装载共享库/Users/caroceanjofers/studio/lns.github.com/cj.studio.gateway.examples.backend/cmdtools/gateway/lib/share
2018年12月17日 19:13:21  信息 : -------------网关启动完毕-------------------
2018年12月17日 19:13:23  信息 : 已装载共享库/Users/caroceanjofers/studio/lns.github.com/cj.studio.gateway.examples.backend/cmdtools/gateway/lib/share
2018年12月17日 19:15:37  信息 : -------------网关启动完毕-------------------
2018年12月19日 22:49:15  信息 : -------------网关启动完毕-------------------
2018年12月21日 16:55:09  信息 : -------------网关启动完毕-------------------
2018年12月21日 16:55:16  信息 : 已装载共享库/Users/caroceanjofers/studio/lns.github.com/cj.studio.gateway.examples.backend/cmdtools/gateway/lib/share
2018年12月21日 16:58:37  信息 : -------------网关启动完毕-------------------
2018年12月21日 16:58:40  信息 : 已装载共享库/Users/caroceanjofers/studio/lns.github.com/cj.studio.gateway.examples.backend/cmdtools/gateway/lib/share
2019年02月17日 16:27:11  信息 : -------------网关启动完毕-------------------
2019年02月17日 16:29:44  信息 : 已装载共享库/Users/caroceanjofers/studio/github/cj.studio.backend.uacc/cmdtools/gateway/lib/share
2019年02月17日 16:29:55  错误: cj.studio.gateway.server.handler.HttpChannelHandler -  异常：503 cj.ultimate.gson2.com.google.gson.JsonSyntaxException: java.lang.IllegalStateException: Expected BEGIN_ARRAY but was BEGIN_OBJECT
		at cj.studio.gateway.stub.GatewayAppSiteRestStub$1.done(GatewayAppSiteRestStub.java:131)
		at cj.studio.gateway.socket.io.HttpInputChannel.done(HttpInputChannel.java:58)
		at cj.studio.gateway.server.handler.HttpChannelHandler.handleHttpContent(HttpChannelHandler.java:126)
		at cj.studio.gateway.server.handler.HttpChannelHandler.messageReceived(HttpChannelHandler.java:109)
		at io.netty.channel.SimpleChannelInboundHandler.channelRead(SimpleChannelInboundHandler.java:103)
		at io.netty.channel.ChannelHandlerInvokerUtil.invokeChannelReadNow(ChannelHandlerInvokerUtil.java:74)
		at io.netty.channel.DefaultChannelHandlerInvoker.invokeChannelRead(DefaultChannelHandlerInvoker.java:138)
		at io.netty.channel.DefaultChannelHandlerContext.fireChannelRead(DefaultChannelHandlerContext.java:320)
		at io.netty.handler.codec.MessageToMessageDecoder.channelRead(MessageToMessageDecoder.java:103)
		at io.netty.handler.codec.MessageToMessageCodec.channelRead(MessageToMessageCodec.java:111)
		at io.netty.channel.ChannelHandlerInvokerUtil.invokeChannelReadNow(ChannelHandlerInvokerUtil.java:74)
		at io.netty.channel.DefaultChannelHandlerInvoker.invokeChannelRead(DefaultChannelHandlerInvoker.java:138)
		at io.netty.channel.DefaultChannelHandlerContext.fireChannelRead(DefaultChannelHandlerContext.java:320)
		at io.netty.handler.codec.ByteToMessageDecoder.channelRead(ByteToMessageDecoder.java:154)
		at io.netty.channel.ChannelHandlerInvokerUtil.invokeChannelReadNow(ChannelHandlerInvokerUtil.java:74)
		at io.netty.channel.DefaultChannelHandlerInvoker.invokeChannelRead(DefaultChannelHandlerInvoker.java:138)
		at io.netty.channel.DefaultChannelHandlerContext.fireChannelRead(DefaultChannelHandlerContext.java:320)
		at io.netty.channel.DefaultChannelPipeline.fireChannelRead(DefaultChannelPipeline.java:846)
		at io.netty.channel.nio.AbstractNioByteChannel$NioByteUnsafe.read(AbstractNioByteChannel.java:127)
		at io.netty.channel.nio.NioEventLoop.processSelectedKey(NioEventLoop.java:485)
		at io.netty.channel.nio.NioEventLoop.processSelectedKeysOptimized(NioEventLoop.java:452)
		at io.netty.channel.nio.NioEventLoop.run(NioEventLoop.java:346)
		at io.netty.util.concurrent.SingleThreadEventExecutor$5.run(SingleThreadEventExecutor.java:794)
		at java.lang.Thread.run(Thread.java:748)
	Cause by:
		at cj.ultimate.gson2.com.google.gson.Gson.fromJson(Gson.java:732)
		at cj.ultimate.gson2.com.google.gson.Gson.fromJson(Gson.java:687)
		at cj.ultimate.gson2.com.google.gson.Gson.fromJson(Gson.java:637)
		at cj.ultimate.gson2.com.google.gson.Gson.fromJson(Gson.java:609)
		at cj.studio.gateway.stub.util.StringTypeConverter.convertFrom(StringTypeConverter.java:15)
		at cj.studio.gateway.stub.MyInvocationHandler.invoke(MyInvocationHandler.java:180)
		at cj.studio.gateway.stub.MyInvocationHandler.invoke(MyInvocationHandler.java:93)
		at cj.studio.backend.uacc.security.stub.IProtectedObjectStub$$EnhancerByCGLIB$$b44a9cf4.getProtectedObjectCollection(<generated>:-1)
		at cj.studio.backend.uacc.program.stub.ProtectedObjectStub.getProtectedObjectCollection(ProtectedObjectStub.java:93)
		at sun.reflect.NativeMethodAccessorImpl.invoke0(NativeMethodAccessorImpl.java:-2)
		at sun.reflect.NativeMethodAccessorImpl.invoke(NativeMethodAccessorImpl.java:62)
		at sun.reflect.DelegatingMethodAccessorImpl.invoke(DelegatingMethodAccessorImpl.java:43)
		at java.lang.reflect.Method.invoke(Method.java:498)
		at cj.studio.gateway.stub.GatewayAppSiteRestStub$1.done(GatewayAppSiteRestStub.java:111)
		at cj.studio.gateway.socket.io.HttpInputChannel.done(HttpInputChannel.java:58)
		at cj.studio.gateway.server.handler.HttpChannelHandler.handleHttpContent(HttpChannelHandler.java:126)
		at cj.studio.gateway.server.handler.HttpChannelHandler.messageReceived(HttpChannelHandler.java:109)
		at io.netty.channel.SimpleChannelInboundHandler.channelRead(SimpleChannelInboundHandler.java:103)
		at io.netty.channel.ChannelHandlerInvokerUtil.invokeChannelReadNow(ChannelHandlerInvokerUtil.java:74)
		at io.netty.channel.DefaultChannelHandlerInvoker.invokeChannelRead(DefaultChannelHandlerInvoker.java:138)
		at io.netty.channel.DefaultChannelHandlerContext.fireChannelRead(DefaultChannelHandlerContext.java:320)
		at io.netty.handler.codec.MessageToMessageDecoder.channelRead(MessageToMessageDecoder.java:103)
		at io.netty.handler.codec.MessageToMessageCodec.channelRead(MessageToMessageCodec.java:111)
		at io.netty.channel.ChannelHandlerInvokerUtil.invokeChannelReadNow(ChannelHandlerInvokerUtil.java:74)
		at io.netty.channel.DefaultChannelHandlerInvoker.invokeChannelRead(DefaultChannelHandlerInvoker.java:138)
		at io.netty.channel.DefaultChannelHandlerContext.fireChannelRead(DefaultChannelHandlerContext.java:320)
		at io.netty.handler.codec.ByteToMessageDecoder.channelRead(ByteToMessageDecoder.java:154)
		at io.netty.channel.ChannelHandlerInvokerUtil.invokeChannelReadNow(ChannelHandlerInvokerUtil.java:74)
		at io.netty.channel.DefaultChannelHandlerInvoker.invokeChannelRead(DefaultChannelHandlerInvoker.java:138)
		at io.netty.channel.DefaultChannelHandlerContext.fireChannelRead(DefaultChannelHandlerContext.java:320)
		at io.netty.channel.DefaultChannelPipeline.fireChannelRead(DefaultChannelPipeline.java:846)
		at io.netty.channel.nio.AbstractNioByteChannel$NioByteUnsafe.read(AbstractNioByteChannel.java:127)
		at io.netty.channel.nio.NioEventLoop.processSelectedKey(NioEventLoop.java:485)
		at io.netty.channel.nio.NioEventLoop.processSelectedKeysOptimized(NioEventLoop.java:452)
		at io.netty.channel.nio.NioEventLoop.run(NioEventLoop.java:346)
		at io.netty.util.concurrent.SingleThreadEventExecutor$5.run(SingleThreadEventExecutor.java:794)
		at java.lang.Thread.run(Thread.java:748)
		at cj.ultimate.gson2.com.google.gson.stream.JsonReader.expect(JsonReader.java:331)
		at cj.ultimate.gson2.com.google.gson.stream.JsonReader.beginArray(JsonReader.java:298)
		at cj.ultimate.gson2.com.google.gson.internal.bind.CollectionTypeAdapterFactory$Adapter.read(CollectionTypeAdapterFactory.java:77)
		at cj.ultimate.gson2.com.google.gson.internal.bind.CollectionTypeAdapterFactory$Adapter.read(CollectionTypeAdapterFactory.java:58)
		at cj.ultimate.gson2.com.google.gson.Gson.fromJson(Gson.java:721)
		at cj.ultimate.gson2.com.google.gson.Gson.fromJson(Gson.java:687)
		at cj.ultimate.gson2.com.google.gson.Gson.fromJson(Gson.java:637)
		at cj.ultimate.gson2.com.google.gson.Gson.fromJson(Gson.java:609)
		at cj.studio.gateway.stub.util.StringTypeConverter.convertFrom(StringTypeConverter.java:15)
		at cj.studio.gateway.stub.MyInvocationHandler.invoke(MyInvocationHandler.java:180)
		at cj.studio.gateway.stub.MyInvocationHandler.invoke(MyInvocationHandler.java:93)
		at cj.studio.backend.uacc.security.stub.IProtectedObjectStub$$EnhancerByCGLIB$$b44a9cf4.getProtectedObjectCollection(<generated>:-1)
		at cj.studio.backend.uacc.program.stub.ProtectedObjectStub.getProtectedObjectCollection(ProtectedObjectStub.java:93)
		at sun.reflect.NativeMethodAccessorImpl.invoke0(NativeMethodAccessorImpl.java:-2)
		at sun.reflect.NativeMethodAccessorImpl.invoke(NativeMethodAccessorImpl.java:62)
		at sun.reflect.DelegatingMethodAccessorImpl.invoke(DelegatingMethodAccessorImpl.java:43)
		at java.lang.reflect.Method.invoke(Method.java:498)
		at cj.studio.gateway.stub.GatewayAppSiteRestStub$1.done(GatewayAppSiteRestStub.java:111)
		at cj.studio.gateway.socket.io.HttpInputChannel.done(HttpInputChannel.java:58)
		at cj.studio.gateway.server.handler.HttpChannelHandler.handleHttpContent(HttpChannelHandler.java:126)
		at cj.studio.gateway.server.handler.HttpChannelHandler.messageReceived(HttpChannelHandler.java:109)
		at io.netty.channel.SimpleChannelInboundHandler.channelRead(SimpleChannelInboundHandler.java:103)
		at io.netty.channel.ChannelHandlerInvokerUtil.invokeChannelReadNow(ChannelHandlerInvokerUtil.java:74)
		at io.netty.channel.DefaultChannelHandlerInvoker.invokeChannelRead(DefaultChannelHandlerInvoker.java:138)
		at io.netty.channel.DefaultChannelHandlerContext.fireChannelRead(DefaultChannelHandlerContext.java:320)
		at io.netty.handler.codec.MessageToMessageDecoder.channelRead(MessageToMessageDecoder.java:103)
		at io.netty.handler.codec.MessageToMessageCodec.channelRead(MessageToMessageCodec.java:111)
		at io.netty.channel.ChannelHandlerInvokerUtil.invokeChannelReadNow(ChannelHandlerInvokerUtil.java:74)
		at io.netty.channel.DefaultChannelHandlerInvoker.invokeChannelRead(DefaultChannelHandlerInvoker.java:138)
		at io.netty.channel.DefaultChannelHandlerContext.fireChannelRead(DefaultChannelHandlerContext.java:320)
		at io.netty.handler.codec.ByteToMessageDecoder.channelRead(ByteToMessageDecoder.java:154)
		at io.netty.channel.ChannelHandlerInvokerUtil.invokeChannelReadNow(ChannelHandlerInvokerUtil.java:74)
		at io.netty.channel.DefaultChannelHandlerInvoker.invokeChannelRead(DefaultChannelHandlerInvoker.java:138)
		at io.netty.channel.DefaultChannelHandlerContext.fireChannelRead(DefaultChannelHandlerContext.java:320)
		at io.netty.channel.DefaultChannelPipeline.fireChannelRead(DefaultChannelPipeline.java:846)
		at io.netty.channel.nio.AbstractNioByteChannel$NioByteUnsafe.read(AbstractNioByteChannel.java:127)
		at io.netty.channel.nio.NioEventLoop.processSelectedKey(NioEventLoop.java:485)
		at io.netty.channel.nio.NioEventLoop.processSelectedKeysOptimized(NioEventLoop.java:452)
		at io.netty.channel.nio.NioEventLoop.run(NioEventLoop.java:346)
		at io.netty.util.concurrent.SingleThreadEventExecutor$5.run(SingleThreadEventExecutor.java:794)
		at java.lang.Thread.run(Thread.java:748)
