2018年12月23日 00:33:05  信息 : -------------网关启动完毕-------------------
2018年12月23日 00:33:27  信息 : -------------网关启动完毕-------------------
2018年12月23日 00:34:10  错误: cj.studio.gateway.server.handler.HttpChannelHandler - 簇中缺少目标:uaac
2018年12月23日 00:35:20  信息 : 已装载共享库/Users/caroceanjofers/studio/lns.github.com/cj.studio.backend.uaac/cmdtools/gateway/lib/share
2018年12月23日 00:39:31  信息 : -------------网关启动完毕-------------------
2018年12月23日 00:39:33  信息 : 已装载共享库/Users/caroceanjofers/studio/lns.github.com/cj.studio.backend.uaac/cmdtools/gateway/lib/share
2018年12月23日 00:39:34  错误: cj.studio.gateway.server.handler.HttpChannelHandler -  异常：801 禁止访问
		at cj.studio.backend.uaac.app.Home.flow(Home.java:15)
		at cj.studio.gateway.socket.app.valve.LastWayInputValve.renderJavaDocument(LastWayInputValve.java:159)
		at cj.studio.gateway.socket.app.valve.LastWayInputValve.flow(LastWayInputValve.java:90)
		at cj.studio.gateway.socket.pipeline.InputPipeline.nextFlow(InputPipeline.java:114)
		at cj.studio.gateway.socket.app.valve.CheckSessionInputValve.flow(CheckSessionInputValve.java:43)
		at cj.studio.gateway.socket.pipeline.InputPipeline.nextFlow(InputPipeline.java:114)
		at cj.studio.gateway.socket.app.valve.CheckErrorInputVavle.flow(CheckErrorInputVavle.java:39)
		at cj.studio.gateway.socket.pipeline.InputPipeline.nextFlow(InputPipeline.java:114)
		at cj.studio.gateway.socket.app.valve.CheckUrlInputValve.flow(CheckUrlInputValve.java:44)
		at cj.studio.gateway.socket.pipeline.InputPipeline.nextFlow(InputPipeline.java:114)
		at cj.studio.gateway.socket.app.valve.FirstWayInputValve.flow(FirstWayInputValve.java:23)
		at cj.studio.gateway.socket.pipeline.InputPipeline.nextFlow(InputPipeline.java:108)
		at cj.studio.gateway.socket.pipeline.InputPipeline.headFlow(InputPipeline.java:76)
		at cj.studio.gateway.server.handler.HttpChannelHandler.flowHttpPipeline(HttpChannelHandler.java:408)
		at cj.studio.gateway.server.handler.HttpChannelHandler.pipelineHttpBuild(HttpChannelHandler.java:453)
		at cj.studio.gateway.server.handler.HttpChannelHandler.flowHttpRequest(HttpChannelHandler.java:397)
		at cj.studio.gateway.server.handler.HttpChannelHandler.handleHttpRequest(HttpChannelHandler.java:204)
		at cj.studio.gateway.server.handler.HttpChannelHandler.messageReceived(HttpChannelHandler.java:107)
		at io.netty.channel.SimpleChannelInboundHandler.channelRead(SimpleChannelInboundHandler.java:103)
		at io.netty.channel.ChannelHandlerInvokerUtil.invokeChannelReadNow(ChannelHandlerInvokerUtil.java:74)
		at io.netty.channel.DefaultChannelHandlerInvoker.invokeChannelRead(DefaultChannelHandlerInvoker.java:138)
		at io.netty.channel.DefaultChannelHandlerContext.fireChannelRead(DefaultChannelHandlerContext.java:320)
		at io.netty.handler.codec.MessageToMessageDecoder.channelRead(MessageToMessageDecoder.java:103)
		at io.netty.handler.codec.MessageToMessageCodec.channelRead(MessageToMessageCodec.java:111)
		at io.netty.channel.ChannelHandlerInvokerUtil.invokeChannelReadNow(ChannelHandlerInvokerUtil.java:74)
		at io.netty.channel.DefaultChannelHandlerInvoker.invokeChannelRead(DefaultChannelHandlerInvoker.java:138)
		at io.netty.channel.DefaultChannelHandlerContext.fireChannelRead(DefaultChannelHandlerContext.java:320)
		at io.netty.handler.codec.ByteToMessageDecoder.channelRead(ByteToMessageDecoder.java:154)
		at io.netty.channel.ChannelHandlerInvokerUtil.invokeChannelReadNow(ChannelHandlerInvokerUtil.java:74)
		at io.netty.channel.DefaultChannelHandlerInvoker.invokeChannelRead(DefaultChannelHandlerInvoker.java:138)
		at io.netty.channel.DefaultChannelHandlerContext.fireChannelRead(DefaultChannelHandlerContext.java:320)
		at io.netty.channel.DefaultChannelPipeline.fireChannelRead(DefaultChannelPipeline.java:846)
		at io.netty.channel.nio.AbstractNioByteChannel$NioByteUnsafe.read(AbstractNioByteChannel.java:127)
		at io.netty.channel.nio.NioEventLoop.processSelectedKey(NioEventLoop.java:485)
		at io.netty.channel.nio.NioEventLoop.processSelectedKeysOptimized(NioEventLoop.java:452)
		at io.netty.channel.nio.NioEventLoop.run(NioEventLoop.java:346)
		at io.netty.util.concurrent.SingleThreadEventExecutor$5.run(SingleThreadEventExecutor.java:794)
		at java.lang.Thread.run(Thread.java:748)
2018年12月23日 00:39:43  错误: cj.studio.gateway.server.handler.HttpChannelHandler -  异常：801 禁止访问
		at cj.studio.backend.uaac.app.Home.flow(Home.java:15)
		at cj.studio.gateway.socket.app.valve.LastWayInputValve.renderJavaDocument(LastWayInputValve.java:159)
		at cj.studio.gateway.socket.app.valve.LastWayInputValve.flow(LastWayInputValve.java:90)
		at cj.studio.gateway.socket.pipeline.InputPipeline.nextFlow(InputPipeline.java:114)
		at cj.studio.gateway.socket.app.valve.CheckSessionInputValve.flow(CheckSessionInputValve.java:43)
		at cj.studio.gateway.socket.pipeline.InputPipeline.nextFlow(InputPipeline.java:114)
		at cj.studio.gateway.socket.app.valve.CheckErrorInputVavle.flow(CheckErrorInputVavle.java:39)
		at cj.studio.gateway.socket.pipeline.InputPipeline.nextFlow(InputPipeline.java:114)
		at cj.studio.gateway.socket.app.valve.CheckUrlInputValve.flow(CheckUrlInputValve.java:44)
		at cj.studio.gateway.socket.pipeline.InputPipeline.nextFlow(InputPipeline.java:114)
		at cj.studio.gateway.socket.app.valve.FirstWayInputValve.flow(FirstWayInputValve.java:23)
		at cj.studio.gateway.socket.pipeline.InputPipeline.nextFlow(InputPipeline.java:108)
		at cj.studio.gateway.socket.pipeline.InputPipeline.headFlow(InputPipeline.java:76)
		at cj.studio.gateway.server.handler.HttpChannelHandler.flowHttpPipeline(HttpChannelHandler.java:408)
		at cj.studio.gateway.server.handler.HttpChannelHandler.flowHttpRequest(HttpChannelHandler.java:391)
		at cj.studio.gateway.server.handler.HttpChannelHandler.handleHttpRequest(HttpChannelHandler.java:204)
		at cj.studio.gateway.server.handler.HttpChannelHandler.messageReceived(HttpChannelHandler.java:107)
		at io.netty.channel.SimpleChannelInboundHandler.channelRead(SimpleChannelInboundHandler.java:103)
		at io.netty.channel.ChannelHandlerInvokerUtil.invokeChannelReadNow(ChannelHandlerInvokerUtil.java:74)
		at io.netty.channel.DefaultChannelHandlerInvoker.invokeChannelRead(DefaultChannelHandlerInvoker.java:138)
		at io.netty.channel.DefaultChannelHandlerContext.fireChannelRead(DefaultChannelHandlerContext.java:320)
		at io.netty.handler.codec.MessageToMessageDecoder.channelRead(MessageToMessageDecoder.java:103)
		at io.netty.handler.codec.MessageToMessageCodec.channelRead(MessageToMessageCodec.java:111)
		at io.netty.channel.ChannelHandlerInvokerUtil.invokeChannelReadNow(ChannelHandlerInvokerUtil.java:74)
		at io.netty.channel.DefaultChannelHandlerInvoker.invokeChannelRead(DefaultChannelHandlerInvoker.java:138)
		at io.netty.channel.DefaultChannelHandlerContext.fireChannelRead(DefaultChannelHandlerContext.java:320)
		at io.netty.handler.codec.ByteToMessageDecoder.channelRead(ByteToMessageDecoder.java:154)
		at io.netty.channel.ChannelHandlerInvokerUtil.invokeChannelReadNow(ChannelHandlerInvokerUtil.java:74)
		at io.netty.channel.DefaultChannelHandlerInvoker.invokeChannelRead(DefaultChannelHandlerInvoker.java:138)
		at io.netty.channel.DefaultChannelHandlerContext.fireChannelRead(DefaultChannelHandlerContext.java:320)
		at io.netty.channel.DefaultChannelPipeline.fireChannelRead(DefaultChannelPipeline.java:846)
		at io.netty.channel.nio.AbstractNioByteChannel$NioByteUnsafe.read(AbstractNioByteChannel.java:127)
		at io.netty.channel.nio.NioEventLoop.processSelectedKey(NioEventLoop.java:485)
		at io.netty.channel.nio.NioEventLoop.processSelectedKeysOptimized(NioEventLoop.java:452)
		at io.netty.channel.nio.NioEventLoop.run(NioEventLoop.java:346)
		at io.netty.util.concurrent.SingleThreadEventExecutor$5.run(SingleThreadEventExecutor.java:794)
		at java.lang.Thread.run(Thread.java:748)
2018年12月23日 00:40:17  错误: cj.studio.gateway.server.handler.HttpChannelHandler -  异常：801 禁止访问
		at cj.studio.backend.uaac.app.Home.flow(Home.java:15)
		at cj.studio.gateway.socket.app.valve.LastWayInputValve.renderJavaDocument(LastWayInputValve.java:159)
		at cj.studio.gateway.socket.app.valve.LastWayInputValve.flow(LastWayInputValve.java:90)
		at cj.studio.gateway.socket.pipeline.InputPipeline.nextFlow(InputPipeline.java:114)
		at cj.studio.gateway.socket.app.valve.CheckSessionInputValve.flow(CheckSessionInputValve.java:43)
		at cj.studio.gateway.socket.pipeline.InputPipeline.nextFlow(InputPipeline.java:114)
		at cj.studio.gateway.socket.app.valve.CheckErrorInputVavle.flow(CheckErrorInputVavle.java:39)
		at cj.studio.gateway.socket.pipeline.InputPipeline.nextFlow(InputPipeline.java:114)
		at cj.studio.gateway.socket.app.valve.CheckUrlInputValve.flow(CheckUrlInputValve.java:44)
		at cj.studio.gateway.socket.pipeline.InputPipeline.nextFlow(InputPipeline.java:114)
		at cj.studio.gateway.socket.app.valve.FirstWayInputValve.flow(FirstWayInputValve.java:23)
		at cj.studio.gateway.socket.pipeline.InputPipeline.nextFlow(InputPipeline.java:108)
		at cj.studio.gateway.socket.pipeline.InputPipeline.headFlow(InputPipeline.java:76)
		at cj.studio.gateway.server.handler.HttpChannelHandler.flowHttpPipeline(HttpChannelHandler.java:408)
		at cj.studio.gateway.server.handler.HttpChannelHandler.flowHttpRequest(HttpChannelHandler.java:391)
		at cj.studio.gateway.server.handler.HttpChannelHandler.handleHttpRequest(HttpChannelHandler.java:204)
		at cj.studio.gateway.server.handler.HttpChannelHandler.messageReceived(HttpChannelHandler.java:107)
		at io.netty.channel.SimpleChannelInboundHandler.channelRead(SimpleChannelInboundHandler.java:103)
		at io.netty.channel.ChannelHandlerInvokerUtil.invokeChannelReadNow(ChannelHandlerInvokerUtil.java:74)
		at io.netty.channel.DefaultChannelHandlerInvoker.invokeChannelRead(DefaultChannelHandlerInvoker.java:138)
		at io.netty.channel.DefaultChannelHandlerContext.fireChannelRead(DefaultChannelHandlerContext.java:320)
		at io.netty.handler.codec.MessageToMessageDecoder.channelRead(MessageToMessageDecoder.java:103)
		at io.netty.handler.codec.MessageToMessageCodec.channelRead(MessageToMessageCodec.java:111)
		at io.netty.channel.ChannelHandlerInvokerUtil.invokeChannelReadNow(ChannelHandlerInvokerUtil.java:74)
		at io.netty.channel.DefaultChannelHandlerInvoker.invokeChannelRead(DefaultChannelHandlerInvoker.java:138)
		at io.netty.channel.DefaultChannelHandlerContext.fireChannelRead(DefaultChannelHandlerContext.java:320)
		at io.netty.handler.codec.ByteToMessageDecoder.channelRead(ByteToMessageDecoder.java:154)
		at io.netty.channel.ChannelHandlerInvokerUtil.invokeChannelReadNow(ChannelHandlerInvokerUtil.java:74)
		at io.netty.channel.DefaultChannelHandlerInvoker.invokeChannelRead(DefaultChannelHandlerInvoker.java:138)
		at io.netty.channel.DefaultChannelHandlerContext.fireChannelRead(DefaultChannelHandlerContext.java:320)
		at io.netty.channel.DefaultChannelPipeline.fireChannelRead(DefaultChannelPipeline.java:846)
		at io.netty.channel.nio.AbstractNioByteChannel$NioByteUnsafe.read(AbstractNioByteChannel.java:127)
		at io.netty.channel.nio.NioEventLoop.processSelectedKey(NioEventLoop.java:485)
		at io.netty.channel.nio.NioEventLoop.processSelectedKeysOptimized(NioEventLoop.java:452)
		at io.netty.channel.nio.NioEventLoop.run(NioEventLoop.java:346)
		at io.netty.util.concurrent.SingleThreadEventExecutor$5.run(SingleThreadEventExecutor.java:794)
		at java.lang.Thread.run(Thread.java:748)
2018年12月23日 00:40:42  错误: cj.studio.gateway.server.handler.HttpChannelHandler -  异常：801 forbidden.
		at cj.studio.backend.uaac.app.Home.flow(Home.java:15)
		at cj.studio.gateway.socket.app.valve.LastWayInputValve.renderJavaDocument(LastWayInputValve.java:159)
		at cj.studio.gateway.socket.app.valve.LastWayInputValve.flow(LastWayInputValve.java:90)
		at cj.studio.gateway.socket.pipeline.InputPipeline.nextFlow(InputPipeline.java:114)
		at cj.studio.gateway.socket.app.valve.CheckSessionInputValve.flow(CheckSessionInputValve.java:43)
		at cj.studio.gateway.socket.pipeline.InputPipeline.nextFlow(InputPipeline.java:114)
		at cj.studio.gateway.socket.app.valve.CheckErrorInputVavle.flow(CheckErrorInputVavle.java:39)
		at cj.studio.gateway.socket.pipeline.InputPipeline.nextFlow(InputPipeline.java:114)
		at cj.studio.gateway.socket.app.valve.CheckUrlInputValve.flow(CheckUrlInputValve.java:44)
		at cj.studio.gateway.socket.pipeline.InputPipeline.nextFlow(InputPipeline.java:114)
		at cj.studio.gateway.socket.app.valve.FirstWayInputValve.flow(FirstWayInputValve.java:23)
		at cj.studio.gateway.socket.pipeline.InputPipeline.nextFlow(InputPipeline.java:108)
		at cj.studio.gateway.socket.pipeline.InputPipeline.headFlow(InputPipeline.java:76)
		at cj.studio.gateway.server.handler.HttpChannelHandler.flowHttpPipeline(HttpChannelHandler.java:408)
		at cj.studio.gateway.server.handler.HttpChannelHandler.flowHttpRequest(HttpChannelHandler.java:391)
		at cj.studio.gateway.server.handler.HttpChannelHandler.handleHttpRequest(HttpChannelHandler.java:204)
		at cj.studio.gateway.server.handler.HttpChannelHandler.messageReceived(HttpChannelHandler.java:107)
		at io.netty.channel.SimpleChannelInboundHandler.channelRead(SimpleChannelInboundHandler.java:103)
		at io.netty.channel.ChannelHandlerInvokerUtil.invokeChannelReadNow(ChannelHandlerInvokerUtil.java:74)
		at io.netty.channel.DefaultChannelHandlerInvoker.invokeChannelRead(DefaultChannelHandlerInvoker.java:138)
		at io.netty.channel.DefaultChannelHandlerContext.fireChannelRead(DefaultChannelHandlerContext.java:320)
		at io.netty.handler.codec.MessageToMessageDecoder.channelRead(MessageToMessageDecoder.java:103)
		at io.netty.handler.codec.MessageToMessageCodec.channelRead(MessageToMessageCodec.java:111)
		at io.netty.channel.ChannelHandlerInvokerUtil.invokeChannelReadNow(ChannelHandlerInvokerUtil.java:74)
		at io.netty.channel.DefaultChannelHandlerInvoker.invokeChannelRead(DefaultChannelHandlerInvoker.java:138)
		at io.netty.channel.DefaultChannelHandlerContext.fireChannelRead(DefaultChannelHandlerContext.java:320)
		at io.netty.handler.codec.ByteToMessageDecoder.channelRead(ByteToMessageDecoder.java:154)
		at io.netty.channel.ChannelHandlerInvokerUtil.invokeChannelReadNow(ChannelHandlerInvokerUtil.java:74)
		at io.netty.channel.DefaultChannelHandlerInvoker.invokeChannelRead(DefaultChannelHandlerInvoker.java:138)
		at io.netty.channel.DefaultChannelHandlerContext.fireChannelRead(DefaultChannelHandlerContext.java:320)
		at io.netty.channel.DefaultChannelPipeline.fireChannelRead(DefaultChannelPipeline.java:846)
		at io.netty.channel.nio.AbstractNioByteChannel$NioByteUnsafe.read(AbstractNioByteChannel.java:127)
		at io.netty.channel.nio.NioEventLoop.processSelectedKey(NioEventLoop.java:485)
		at io.netty.channel.nio.NioEventLoop.processSelectedKeysOptimized(NioEventLoop.java:452)
		at io.netty.channel.nio.NioEventLoop.run(NioEventLoop.java:346)
		at io.netty.util.concurrent.SingleThreadEventExecutor$5.run(SingleThreadEventExecutor.java:794)
		at java.lang.Thread.run(Thread.java:748)
2018年12月30日 11:34:28  信息 : -------------网关启动完毕-------------------
